1496036152581	geckodriver	INFO	Listening on 127.0.0.1:36507
1496036153764	geckodriver::marionette	INFO	Starting browser /usr/bin/firefox with args ["-marionette"]
1496036155253	Marionette	INFO	Listening on port 42516
1496036155431	Marionette	WARN	TLS certificate errors will be ignored for this session
JavaScript error: http://211.98.71.195:8080/issueunziped/0506v1/search.jsp?kw=www.jianshu.comhttp, line 29: ReferenceError: fybServer_2 is not defined
1496036315476	geckodriver	INFO	Listening on 127.0.0.1:39831
1496036316691	geckodriver::marionette	INFO	Starting browser /usr/bin/firefox with args ["-marionette"]
1496036318189	Marionette	INFO	Listening on port 38500
1496036318392	Marionette	WARN	TLS certificate errors will be ignored for this session
1496036571284	geckodriver	INFO	Listening on 127.0.0.1:42070
1496036572660	geckodriver::marionette	INFO	Starting browser /usr/bin/firefox with args ["-marionette"]
1496036574255	Marionette	INFO	Listening on port 53681
1496036574578	Marionette	WARN	TLS certificate errors will be ignored for this session
1496036646664	geckodriver	INFO	Listening on 127.0.0.1:51279
1496036647838	geckodriver::marionette	INFO	Starting browser /usr/bin/firefox with args ["-marionette"]
1496036649294	Marionette	INFO	Listening on port 35214
1496036649488	Marionette	WARN	TLS certificate errors will be ignored for this session
1496037275084	geckodriver	INFO	Listening on 127.0.0.1:48701
1496037276269	geckodriver::marionette	INFO	Starting browser /usr/bin/firefox with args ["-marionette"]
1496037278408	Marionette	INFO	Listening on port 45558
1496037278581	Marionette	WARN	TLS certificate errors will be ignored for this session
1496037563679	geckodriver	INFO	Listening on 127.0.0.1:39959
1496037564877	geckodriver::marionette	INFO	Starting browser /usr/bin/firefox with args ["-marionette"]
1496037567113	Marionette	INFO	Listening on port 53750
1496037567307	Marionette	WARN	TLS certificate errors will be ignored for this session
*************************
A coding exception was thrown and uncaught in a Task.

Full message: TypeError: NetworkError when attempting to fetch resource.
Full stack: 
*************************
1496037803229	geckodriver	INFO	Listening on 127.0.0.1:42165
1496037803394	geckodriver::marionette	INFO	Starting browser /usr/bin/firefox with args ["-marionette"]
1496037805100	Marionette	INFO	Listening on port 51467
1496037805297	Marionette	WARN	TLS certificate errors will be ignored for this session
1496037882432	geckodriver	INFO	Listening on 127.0.0.1:47636
1496037883565	geckodriver::marionette	INFO	Starting browser /usr/bin/firefox with args ["-marionette"]
1496037885316	Marionette	INFO	Listening on port 51090
1496037885571	Marionette	WARN	TLS certificate errors will be ignored for this session
1496038920059	geckodriver	INFO	Listening on 127.0.0.1:47919
1496038921296	geckodriver::marionette	INFO	Starting browser /usr/bin/firefox with args ["-marionette"]
1496038923220	Marionette	INFO	Listening on port 45276
1496038923676	Marionette	WARN	TLS certificate errors will be ignored for this session
1496039295169	geckodriver	INFO	Listening on 127.0.0.1:41430
1496039297359	geckodriver::marionette	INFO	Starting browser /usr/bin/firefox with args ["-marionette"]
1496039298884	Marionette	INFO	Listening on port 50454
1496039299194	Marionette	WARN	TLS certificate errors will be ignored for this session
1496039381112	addons.productaddons	WARN	Failed downloading XML, status: 0, reason: timeout
1496039941520	geckodriver	INFO	Listening on 127.0.0.1:34199
1496039942670	geckodriver::marionette	INFO	Starting browser /usr/bin/firefox with args ["-marionette"]
1496039944262	Marionette	INFO	Listening on port 33037
1496039944488	Marionette	WARN	TLS certificate errors will be ignored for this session
1496040497357	geckodriver	INFO	Listening on 127.0.0.1:57619
1496040498625	geckodriver::marionette	INFO	Starting browser /usr/bin/firefox with args ["-marionette"]
1496040500813	Marionette	INFO	Listening on port 60135
1496040500997	Marionette	WARN	TLS certificate errors will be ignored for this session
1496040799286	geckodriver	INFO	Listening on 127.0.0.1:60531
1496040800501	geckodriver::marionette	INFO	Starting browser /usr/bin/firefox with args ["-marionette"]
1496040802054	Marionette	INFO	Listening on port 39058
1496040802310	Marionette	WARN	TLS certificate errors will be ignored for this session
1496040854476	geckodriver	INFO	Listening on 127.0.0.1:33816
1496040855655	geckodriver::marionette	INFO	Starting browser /usr/bin/firefox with args ["-marionette"]
1496040857222	Marionette	INFO	Listening on port 60538
1496040857472	Marionette	WARN	TLS certificate errors will be ignored for this session
*************************
A coding exception was thrown and uncaught in a Task.

Full message: TypeError: NetworkError when attempting to fetch resource.
Full stack: 
*************************
*************************
A coding exception was thrown and uncaught in a Task.

Full message: TypeError: NetworkError when attempting to fetch resource.
Full stack: 
*************************
*************************
A coding exception was thrown and uncaught in a Task.

Full message: TypeError: NetworkError when attempting to fetch resource.
Full stack: 
*************************
